Running on hosts: node18
Running on 1 nodes.
Running on  processors.
Current working directory is /home/cvit/kartik/watts-release

                            < M A T L A B (R) >
                  Copyright 1984-2013 The MathWorks, Inc.
                    R2013b (8.2.0.701) 64-bit (glnxa64)
                              August 13, 2013

 
To get started, type one of these: helpwin, helpdesk, or demo.
For product information, visit www.mathworks.com.
 
* Loading dataset *
* Preparing images *
* Computing PHOC histograms *
* Extracting FV features *

**************************************
*************   CV CSR   *************
**************************************
------------------------------------
Best qbe map result on validation: 92.35 map with reg 0.00001000 and K 96
------------------------------------

**************************************
***************  CSR   ***************
**************************************
------------------------------------
reg: 0.00001000. k: 96
qbe --   test: (map: 85.86. p@1: 89.70)
qbs --   test: (map: 83.76. p@1: 83.56)
------------------------------------

**************************************
************  Hybrid CSR  ***********
**************************************
------------------------------------
alpha: 0.20 reg: 0.00001000. k: 96
hybrid --   test: (map: 89.81. p@1: 94.85)
------------------------------------
>> [Warning: Objects of graph2d.lineseries class exist - not clearing this class or
any of its superclasses] 
Program finished with exit code 0 at: Mon Aug  1 21:17:37 IST 2016
