Running on hosts: node27
Running on 1 nodes.
Running on  processors.
Current working directory is /home/cvit/kartik/watts-release

                            < M A T L A B (R) >
                  Copyright 1984-2013 The MathWorks, Inc.
                    R2013b (8.2.0.701) 64-bit (glnxa64)
                              August 13, 2013

 
To get started, type one of these: helpwin, helpdesk, or demo.
For product information, visit www.mathworks.com.
 
* Loading dataset *
* Preparing images *
* Computing PHOC histograms *
* Extracting FV features *

**************************************
*************   CV CSR   *************
**************************************
------------------------------------
Best qbe map result on validation: 91.84 map with reg 0.00010000 and K 96
------------------------------------

**************************************
***************  CSR   ***************
**************************************
------------------------------------
reg: 0.00010000. k: 96
qbe --   test: (map: 83.64. p@1: 89.26)
qbs --   test: (map: 91.47. p@1: 91.47)
------------------------------------
------------------------------------
In Vocabulary
reg: 0.00010000. k: 96
qbe --   test: (map: 83.27. p@1: 88.92)
qbs --   test: (map: 91.66. p@1: 91.78)
------------------------------------
------------------------------------
Out of Vocabulary
reg: 0.00010000. k: 96
qbe --   test: (map: 91.33. p@1: 96.22)
qbs --   test: (map: 89.16. p@1: 87.44)
------------------------------------

**************************************
************  Hybrid CSR  ***********
**************************************
------------------------------------
alpha: 0.30 reg: 0.00010000. k: 96
hybrid --   test: (map: 91.23. p@1: 96.10)
------------------------------------

**************************************
************  Recognition  ***********
**************************************
------------------------------------
lexicon full   -- p@1: 84.19. cer: 7.06. wer: 15.56
------------------------------------
>> [Warning: Objects of graph2d.lineseries class exist - not clearing this class or
any of its superclasses] 
Program finished with exit code 0 at: Mon Aug  1 21:09:56 IST 2016
